\BOOKMARK [-1][-]{part.1}{\376\377\000I\000\040\000S\000i\000m\000u\000l\000a\000t\000i\000o\000n\000\040\000o\000f\000\040\000Q\000u\000a\000n\000t\000u\000m\000\040\000s\000y\000s\000t\000e\000m}{}% 1
\BOOKMARK [0][-]{chapter.1}{\376\377\000F\000o\000r\000m\000a\000l\000i\000z\000a\000t\000i\000o\000n\000\040\000a\000n\000d\000\040\000E\000v\000o\000l\000u\000t\000i\000o\000n}{part.1}% 2
\BOOKMARK [1][-]{section.1.1}{\376\377\000H\000o\000w\000\040\000d\000o\000e\000s\000\040\000q\000u\000a\000n\000t\000u\000m\000\040\000c\000o\000m\000p\000u\000t\000e\000r\000\040\000s\000i\000m\000u\000l\000a\000t\000e\000\040\000s\000y\000s\000t\000e\000m\000?}{chapter.1}% 3
\BOOKMARK [1][-]{section.1.2}{\376\377\000T\000i\000m\000e\000\040\000e\000v\000o\000l\000u\000t\000i\000o\000n\000\040\000o\000p\000e\000r\000a\000t\000o\000r\000\040\000o\000f\000\040\000t\000h\000e\000\040\000s\000y\000s\000t\000e\000m}{chapter.1}% 4
\BOOKMARK [2][-]{subsection.1.2.1}{\376\377\000E\000x\000p\000o\000n\000e\000n\000t\000i\000a\000l\000\040\000M\000a\000p}{section.1.2}% 5
\BOOKMARK [2][-]{subsection.1.2.2}{\376\377\000P\000r\000o\000b\000l\000e\000m\000\040\000o\000f\000\040\000c\000o\000m\000m\000u\000t\000a\000t\000i\000o\000n}{section.1.2}% 6
\BOOKMARK [2][-]{subsection.1.2.3}{\376\377\000S\000u\000z\000u\000k\000i\000\040\000T\000r\000o\000t\000t\000e\000r\000\040\000e\000x\000p\000a\000n\000s\000i\000o\000n}{section.1.2}% 7
\BOOKMARK [2][-]{subsection.1.2.4}{\376\377\000T\000e\000r\000m\000i\000n\000o\000l\000o\000g\000y\000\040\000N\000o\000t\000e}{section.1.2}% 8
\BOOKMARK [2][-]{subsection.1.2.5}{\376\377\000F\000u\000r\000t\000h\000e\000r\000\040\000m\000e\000t\000h\000o\000d\000s}{section.1.2}% 9
\BOOKMARK [1][-]{section.1.3}{\376\377\000F\000o\000r\000m\000a\000l\000i\000z\000a\000t\000i\000o\000n\000\040\000o\000f\000\040\000t\000i\000m\000e\000\040\000e\000v\000o\000l\000u\000t\000i\000o\000n}{chapter.1}% 10
\BOOKMARK [2][-]{subsection.1.3.1}{\376\377\000T\000y\000p\000e\000\040\000o\000f\000\040\000s\000y\000s\000t\000e\000m\000s}{section.1.3}% 11
\BOOKMARK [2][-]{subsection.1.3.2}{\376\377\000S\000p\000i\000n\000\040\000o\000p\000e\000r\000a\000t\000o\000r\000\040\000r\000e\000p\000r\000e\000s\000e\000n\000t\000a\000t\000i\000o\000n\000\040\000o\000f\000\040\000G\000e\000n\000e\000r\000a\000l\000\040\000s\000y\000s\000t\000e\000m}{section.1.3}% 12
\BOOKMARK [1][-]{section.1.4}{\376\377\000C\000i\000r\000c\000u\000i\000t\000\040\000r\000e\000p\000r\000e\000s\000e\000n\000t\000a\000t\000i\000o\000n\000\040\000o\000f\000\040\000t\000h\000e\000\040\000e\000v\000o\000l\000u\000t\000i\000o\000n\000\040\000o\000p\000e\000r\000a\000t\000o\000r}{chapter.1}% 13
\BOOKMARK [2][-]{subsection.1.4.1}{\376\377\000P\000a\000u\000l\000i\000-\000m\000a\000t\000r\000i\000c\000e\000s\000\040\000a\000n\000d\000\040\000d\000e\000c\000o\000m\000p\000o\000s\000i\000t\000i\000o\000n}{section.1.4}% 14
\BOOKMARK [2][-]{subsection.1.4.2}{\376\377\000E\000v\000o\000l\000u\000t\000i\000o\000n\000\040\000o\000p\000e\000r\000a\000t\000o\000r\000\040\000o\000n\000\040\000s\000i\000n\000g\000l\000e\000\040\000q\000u\000b\000i\000t\000\040\000s\000y\000s\000t\000e\000m}{section.1.4}% 15
\BOOKMARK [2][-]{subsection.1.4.3}{\376\377\000N\000-\000q\000u\000b\000i\000t\000\040\000s\000y\000s\000t\000e\000m}{section.1.4}% 16
\BOOKMARK [2][-]{subsection.1.4.4}{\376\377\000I\000m\000p\000l\000e\000m\000e\000n\000t\000a\000t\000i\000o\000n\000\040\000w\000i\000t\000h\000\040\000P\000h\000a\000s\000e\000\040\000o\000p\000e\000r\000a\000t\000o\000r}{section.1.4}% 17
\BOOKMARK [1][-]{section.1.5}{\376\377\000A\000d\000d\000i\000t\000i\000o\000n\000a\000l\000\040\000N\000o\000t\000e}{chapter.1}% 18
\BOOKMARK [2][-]{subsection.1.5.1}{\376\377\000C\000l\000i\000f\000f\000o\000r\000d\000\040\000G\000r\000o\000u\000p}{section.1.5}% 19
\BOOKMARK [2][-]{subsection.1.5.2}{\376\377\000P\000a\000u\000l\000i\000-\000F\000r\000a\000m\000e}{section.1.5}% 20
\BOOKMARK [0][-]{chapter.2}{\376\377\000O\000p\000t\000i\000m\000i\000z\000a\000t\000i\000o\000n\000\040\000o\000f\000\040\000e\000v\000o\000l\000u\000t\000i\000o\000n\000\040\000c\000i\000r\000c\000u\000i\000t}{part.1}% 21
\BOOKMARK [1][-]{section.2.1}{\376\377\000I\000n\000t\000r\000o\000d\000u\000c\000t\000i\000o\000n}{chapter.2}% 22
\BOOKMARK [1][-]{section.2.2}{\376\377\000M\000u\000t\000a\000l\000l\000y\000\040\000c\000o\000m\000m\000u\000t\000i\000n\000g\000\040\000g\000r\000o\000u\000p\000s}{chapter.2}% 23
\BOOKMARK [1][-]{section.2.3}{\376\377\000H\000a\000m\000i\000l\000t\000o\000n\000i\000a\000n\000\040\000g\000r\000o\000u\000p\000i\000n\000g\000\040\000p\000r\000o\000b\000l\000e\000m}{chapter.2}% 24
\BOOKMARK [2][-]{subsection.2.3.1}{\376\377\000C\000o\000m\000m\000u\000t\000a\000t\000o\000r\000\040\000o\000f\000\040\000n\000-\000f\000o\000l\000d\000e\000d\000\040\000s\000t\000r\000i\000n\000g}{section.2.3}% 25
\BOOKMARK [2][-]{subsection.2.3.2}{\376\377\000P\000a\000r\000t\000i\000t\000i\000o\000n\000\040\000c\000o\000n\000s\000t\000r\000u\000c\000t\000i\000o\000n}{section.2.3}% 26
\BOOKMARK [1][-]{section.2.4}{\376\377\000A\000x\000i\000s\000\040\000t\000r\000a\000n\000s\000f\000o\000r\000m\000a\000t\000i\000o\000n\000\040\000w\000e\000i\000g\000h\000t}{chapter.2}% 27
\BOOKMARK [2][-]{subsection.2.4.1}{\376\377\000R\000o\000u\000g\000h\000\040\000i\000m\000p\000l\000e\000m\000e\000n\000t\000a\000t\000i\000o\000n\000\040\000o\000f\000\040\000s\000i\000n\000g\000l\000e\000\040\000q\000u\000b\000i\000t\000\040\000t\000r\000a\000n\000s\000f\000o\000r\000m\000a\000t\000i\000o\000n}{section.2.4}% 28
\BOOKMARK [2][-]{subsection.2.4.2}{\376\377\000P\000a\000u\000l\000i\000-\000F\000r\000a\000m\000e\000\040\000m\000e\000t\000r\000i\000c}{section.2.4}% 29
\BOOKMARK [1][-]{section.2.5}{\376\377\000K\000r\000y\000l\000o\000v\000\040\000t\000r\000a\000n\000s\000f\000o\000r\000m\000a\000t\000i\000o\000n}{chapter.2}% 30
\BOOKMARK [2][-]{subsection.2.5.1}{\376\377\000O\000t\000h\000e\000r\000\040\000t\000e\000c\000h\000n\000i\000q\000u\000e\000s}{section.2.5}% 31
\BOOKMARK [1][-]{section.2.6}{\376\377\000V\000Q\000E\000\040\000m\000e\000t\000h\000o\000d\000\040\000a\000n\000d\000\040\000e\000v\000o\000l\000u\000t\000i\000o\000n}{chapter.2}% 32
\BOOKMARK [-1][-]{part.2}{\376\377\000I\000I\000\040\000P\000r\000a\000c\000t\000i\000c\000a\000l\000\040\000E\000x\000a\000m\000p\000l\000e\000s}{}% 33
\BOOKMARK [0][-]{chapter.3}{\376\377\000S\000i\000m\000p\000l\000e\000\040\000q\000u\000a\000n\000t\000u\000m\000\040\000s\000y\000s\000t\000e\000m\000s}{part.2}% 34
\BOOKMARK [1][-]{section.3.1}{\376\377\000M\000o\000d\000e\000l\000i\000n\000g\000\040\000o\000f\000\040\0001\000d\000i\000m\000\040\000P\000a\000r\000t\000i\000c\000l\000e}{chapter.3}% 35
\BOOKMARK [2][-]{subsection.3.1.1}{\376\377\000M\000o\000d\000e\000l\000i\000n\000g\000\040\000a\000\040\000H\000a\000m\000i\000l\000t\000o\000n\000i\000a\000n}{section.3.1}% 36
\BOOKMARK [2][-]{subsection.3.1.2}{\376\377\000S\000l\000i\000t\000e\000\040\000e\000x\000p\000e\000r\000i\000m\000e\000n\000t}{section.3.1}% 37
\BOOKMARK [2][-]{subsection.3.1.3}{}{section.3.1}% 38
\BOOKMARK [0][-]{chapter.4}{\376\377\000A\000d\000i\000a\000b\000a\000t\000i\000c\000\040\000p\000r\000o\000c\000e\000s\000s\000\040\000o\000n\000\040\000g\000a\000t\000e\000\040\000m\000o\000d\000e\000l}{part.2}% 39
\BOOKMARK [1][-]{section.4.1}{\376\377\000F\000o\000r\000m\000u\000l\000a\000t\000i\000o\000n\000\040\000f\000o\000r\000\040\000A\000d\000i\000a\000b\000a\000t\000i\000c\000\040\000c\000o\000m\000p\000u\000t\000i\000n\000g}{chapter.4}% 40
\BOOKMARK [1][-]{section.4.2}{\376\377\000I\000m\000p\000l\000e\000m\000e\000n\000t\000a\000t\000i\000o\000n}{chapter.4}% 41
\BOOKMARK [2][-]{subsection.4.2.1}{\376\377\000Q\000U\000B\000O}{section.4.2}% 42
\BOOKMARK [2][-]{subsection.4.2.2}{\376\377\000I\000s\000i\000n\000g\000\040\000m\000o\000d\000e\000l}{section.4.2}% 43
\BOOKMARK [1][-]{section.4.3}{\376\377\000P\000e\000n\000n\000y\000l\000a\000n\000e\000\040\000i\000m\000p\000l\000m\000e\000n\000t\000a\000t\000i\000o\000n}{chapter.4}% 44
\BOOKMARK [2][-]{subsection.4.3.1}{\376\377\000G\000r\000a\000p\000h\000\040\000p\000a\000r\000t\000i\000t\000i\000o\000n\000i\000n\000g\000\040\000p\000r\000o\000b\000l\000e\000m}{section.4.3}% 45
\BOOKMARK [0][-]{chapter.5}{\376\377\000I\000m\000a\000g\000i\000n\000a\000r\000y\000\040\000T\000i\000m\000e\000\040\000e\000v\000o\000l\000u\000t\000i\000o\000n}{part.2}% 46
\BOOKMARK [1][-]{section.5.1}{\376\377\000I\000m\000a\000g\000i\000n\000a\000r\000y\000\040\000t\000i\000m\000e}{chapter.5}% 47
\BOOKMARK [1][-]{section.5.2}{\376\377\000N\000o\000n\000-\000u\000n\000i\000t\000a\000r\000y\000\040\000o\000n\000\040\000u\000n\000i\000t\000a\000r\000y}{chapter.5}% 48
\BOOKMARK [2][-]{subsection.5.2.1}{\376\377\000E\000m\000b\000e\000d\000i\000n\000g\000\040\000i\000n\000\040\000u\000n\000i\000t\000a\000r\000y}{section.5.2}% 49
\BOOKMARK [2][-]{subsection.5.2.2}{\376\377\000V\000Q\000E\000\040\000a\000p\000p\000r\000o\000x\000i\000m\000a\000t\000i\000o\000n}{section.5.2}% 50
\BOOKMARK [1][-]{section.5.3}{\376\377\000S\000p\000e\000c\000t\000r\000u\000m\000\040\000S\000e\000a\000r\000c\000h}{chapter.5}% 51
\BOOKMARK [0][-]{chapter.6}{\376\377\000V\000a\000r\000i\000a\000t\000i\000o\000n\000a\000l\000\040\000m\000e\000t\000h\000o\000d}{part.2}% 52
\BOOKMARK [1][-]{section.6.1}{\376\377\000I\000n\000t\000r\000o\000d\000u\000c\000t\000i\000o\000n}{chapter.6}% 53
\BOOKMARK [2][-]{subsection.6.1.1}{\376\377\000V\000a\000r\000i\000a\000t\000i\000a\000o\000n\000a\000l\000\040\000P\000r\000i\000n\000c\000i\000p\000l\000e}{section.6.1}% 54
\BOOKMARK [2][-]{subsection.6.1.2}{\376\377\000C\000i\000r\000c\000u\000i\000t\000\040\000a\000s\000\040\000a\000n\000s\000a\000t\000z}{section.6.1}% 55
\BOOKMARK [2][-]{subsection.6.1.3}{\376\377\000U\000n\000i\000v\000e\000r\000s\000a\000l\000i\000t\000y\000\040\000o\000f\000\040\000C\000i\000r\000c\000u\000i\000t}{section.6.1}% 56
\BOOKMARK [1][-]{section.6.2}{}{chapter.6}% 57
\BOOKMARK [1][-]{section.6.3}{\376\377\000A\000n\000s\000a\000t\000z\000s}{chapter.6}% 58
\BOOKMARK [2][-]{subsection.6.3.1}{\376\377\000H\000a\000r\000d\000w\000a\000r\000e\000\040\000E\000f\000f\000i\000c\000i\000e\000n\000t}{section.6.3}% 59
\BOOKMARK [2][-]{subsection.6.3.2}{\376\377\000E\000v\000o\000l\000u\000t\000i\000o\000n\000\040\000B\000a\000s\000e\000d}{section.6.3}% 60
\BOOKMARK [1][-]{section.6.4}{\376\377\000A\000p\000p\000l\000i\000c\000a\000t\000i\000o\000n}{chapter.6}% 61
\BOOKMARK [2][-]{subsection.6.4.1}{\376\377\000Q\000U\000B\000O}{section.6.4}% 62
\BOOKMARK [2][-]{subsection.6.4.2}{\376\377\000E\000v\000o\000l\000u\000t\000i\000o\000n}{section.6.4}% 63
\BOOKMARK [1][-]{section.6.5}{\376\377\000I\000m\000p\000l\000e\000m\000e\000n\000t\000a\000t\000i\000o\000n}{chapter.6}% 64
\BOOKMARK [2][-]{subsection.6.5.1}{\376\377\000P\000e\000n\000n\000y\000l\000a\000n\000e}{section.6.5}% 65
\BOOKMARK [2][-]{subsection.6.5.2}{\376\377\000Q\000i\000s\000k\000i\000t}{section.6.5}% 66
\BOOKMARK [0][-]{chapter.7}{\376\377\000M\000a\000t\000e\000r\000i\000a\000l\000\040\000S\000i\000m\000u\000l\000a\000t\000i\000o\000n}{part.2}% 67
\BOOKMARK [1][-]{section.7.1}{\376\377\000H\000a\000r\000d\000n\000e\000s\000s\000\040\000o\000f\000\040\000t\000h\000e\000\040\000s\000i\000m\000u\000l\000a\000t\000i\000o\000n}{chapter.7}% 68
\BOOKMARK [0][-]{chapter.8}{\376\377\000T\000u\000n\000n\000e\000l\000i\000n\000g\000\040\000P\000h\000e\000n\000o\000m\000e\000n\000o\000n}{part.2}% 69
\BOOKMARK [1][-]{section.8.1}{\376\377\000I\000n\000t\000r\000o\000d\000u\000c\000t\000i\000o\000n\000\040\000t\000o\000\040\000t\000u\000n\000n\000e\000l\000i\000n\000g}{chapter.8}% 70
\BOOKMARK [2][-]{subsection.8.1.1}{\376\377\000a\000l\000p\000h\000a\000-\000d\000e\000c\000a\000y}{section.8.1}% 71
\BOOKMARK [1][-]{section.8.2}{\376\377\000T\000u\000n\000n\000e\000l\000i\000n\000g\000\040\000t\000i\000m\000e\000\040\000p\000r\000o\000b\000l\000e\000m}{chapter.8}% 72
\BOOKMARK [1][-]{section.8.3}{\376\377\000C\000r\000i\000t\000i\000c\000i\000s\000i\000m\000s\000\040\000o\000n\000\040\000t\000u\000n\000n\000e\000l\000i\000n\000g\000\040\000t\000i\000m\000e}{chapter.8}% 73
\BOOKMARK [2][-]{subsection.8.3.1}{\376\377\000C\000l\000a\000s\000s\000i\000c\000a\000l\000\040\000a\000p\000p\000r\000o\000a\000c\000h}{section.8.3}% 74
\BOOKMARK [2][-]{subsection.8.3.2}{\376\377\000M\000e\000a\000s\000u\000r\000e\000m\000e\000n\000t\000-\000\040\000E\000x\000p\000e\000r\000i\000m\000e\000n\000t\000a\000l}{section.8.3}% 75
\BOOKMARK [2][-]{subsection.8.3.3}{\376\377\000H\000a\000r\000t\000m\000a\000n\000\040\000e\000f\000f\000e\000c\000t\000\040\000a\000n\000d\000\040\000S\000u\000p\000e\000r\000l\000u\000m\000i\000n\000a\000l\000\040\000v\000e\000l\000o\000c\000i\000t\000y}{section.8.3}% 76
\BOOKMARK [1][-]{section.8.4}{\376\377\000S\000i\000m\000u\000l\000a\000t\000i\000o\000n\000\040\000a\000n\000d\000\040\000M\000e\000a\000s\000u\000r\000e\000m\000e\000n\000t\000\040\000o\000n\000\040\000Q\000u\000a\000n\000t\000u\000m\000\040\000c\000i\000r\000c\000u\000i\000t}{chapter.8}% 77
\BOOKMARK [2][-]{subsection.8.4.1}{\376\377\000P\000a\000g\000e\000\040\000W\000o\000o\000t\000t\000e\000r\000\040\000M\000e\000c\000h\000a\000n\000i\000c\000s}{section.8.4}% 78
\BOOKMARK [-1][-]{part.3}{\376\377\000I\000I\000I\000\040\000F\000u\000r\000t\000h\000e\000r\000\040\000T\000o\000p\000i\000c\000s}{}% 79
\BOOKMARK [0][-]{section.8.5}{\376\377\000S\000i\000m\000u\000l\000a\000t\000i\000o\000n\000\040\000T\000e\000c\000h\000n\000i\000q\000u\000e\000s}{part.3}% 80
\BOOKMARK [1][-]{subsection.8.5.1}{\376\377\000V\000Q\000E\000\040\000e\000v\000o\000l\000u\000t\000i\000o\000n}{section.8.5}% 81
\BOOKMARK [2][-]{subsection.8.5.2}{\376\377\000L\000i\000n\000e\000a\000r\000i\000z\000a\000t\000i\000o\000n}{subsection.8.5.1}% 82
\BOOKMARK [2][-]{subsection.8.5.3}{\376\377\000Q\000u\000a\000n\000t\000u\000m\000\040\000W\000a\000l\000k\000s}{subsection.8.5.1}% 83
\BOOKMARK [2][-]{subsection.8.5.4}{\376\377\000Q\000u\000b\000i\000t\000a\000i\000z\000a\000t\000i\000o\000n}{subsection.8.5.1}% 84
\BOOKMARK [2][-]{subsection.8.5.5}{\376\377\000F\000r\000a\000c\000t\000i\000o\000n\000a\000l\000\040\000Q\000u\000e\000r\000y}{subsection.8.5.1}% 85
\BOOKMARK [2][-]{subsection.8.5.6}{\376\377\000T\000a\000y\000l\000o\000r\000i\000z\000a\000t\000i\000o\000n}{subsection.8.5.1}% 86
\BOOKMARK [-1][-]{part.4}{\376\377\000I\000V\000\040\000A\000p\000p\000e\000n\000d\000i\000x}{}% 87
\BOOKMARK [0][-]{appendix.A}{\376\377\000H\000e\000r\000m\000i\000t\000\040\000a\000n\000d\000\040\000U\000n\000i\000t\000a\000r\000y\000\040\000m\000a\000t\000r\000i\000x}{part.4}% 88
\BOOKMARK [1][-]{section.A.1}{\376\377\000U\000n\000i\000t\000a\000r\000y\000\040\000m\000a\000t\000r\000i\000x}{appendix.A}% 89
\BOOKMARK [2][-]{subsection.A.1.1}{\376\377\000P\000r\000o\000p\000e\000r\000t\000i\000e\000s\000\040\000o\000f\000\040\000u\000n\000i\000t\000a\000r\000y\000\040\000m\000a\000t\000r\000i\000x}{section.A.1}% 90
\BOOKMARK [1][-]{section.A.2}{\376\377\000H\000e\000r\000m\000i\000t\000\040\000m\000a\000t\000r\000i\000x}{appendix.A}% 91
\BOOKMARK [2][-]{subsection.A.2.1}{\376\377\000P\000r\000o\000p\000e\000r\000t\000i\000e\000s\000\040\000o\000f\000\040\000H\000e\000r\000m\000i\000t\000e\000\040\000m\000a\000t\000r\000i\000x}{section.A.2}% 92
\BOOKMARK [1][-]{section.A.3}{\376\377\000A\000d\000d\000i\000t\000i\000o\000n\000a\000l\000\040\000p\000r\000o\000p\000e\000r\000t\000i\000e\000s}{appendix.A}% 93
\BOOKMARK [0][-]{appendix.B}{\376\377\000N\000o\000t\000a\000t\000i\000o\000n\000\040\000i\000n\000\040\000Q\000u\000a\000n\000t\000u\000m\000\040\000c\000i\000r\000c\000u\000i\000t}{part.4}% 94
\BOOKMARK [1][-]{section.B.1}{\376\377\000S\000t\000a\000t\000e}{appendix.B}% 95
\BOOKMARK [0][-]{appendix.C}{\376\377\000F\000o\000u\000r\000i\000e\000r\000\040\000T\000r\000a\000s\000n\000f\000o\000r\000m\000a\000t\000i\000o\000n}{part.4}% 96
\BOOKMARK [1][-]{section.C.1}{\376\377\000D\000F\000T\000\040\000a\000n\000d\000\040\000F\000F\000T}{appendix.C}% 97
\BOOKMARK [1][-]{section.C.2}{\376\377\000Q\000F\000T}{appendix.C}% 98
\BOOKMARK [1][-]{section.C.3}{\376\377\000Q\000F\000T\000\040\000i\000m\000p\000l\000e\000m\000e\000n\000t\000a\000t\000i\000o\000n\000\040\000o\000n\000\040\000C\000i\000r\000c\000u\000i\000t}{appendix.C}% 99
\BOOKMARK [0][-]{appendix.D}{\376\377\000F\000a\000s\000t\000\040\000P\000a\000u\000l\000i\000\040\000P\000o\000l\000y\000n\000o\000m\000i\000a\000l\000\040\000m\000a\000n\000i\000p\000u\000l\000a\000t\000i\000o\000n}{part.4}% 100
\BOOKMARK [1][-]{section.D.1}{\376\377\000D\000e\000c\000o\000m\000p\000o\000s\000i\000t\000i\000o\000n}{appendix.D}% 101
\BOOKMARK [2][-]{subsection.D.1.1}{\376\377\000T\000e\000n\000s\000o\000r\000i\000z\000e\000d\000\040\000m\000e\000t\000h\000o\000d}{section.D.1}% 102
\BOOKMARK [2][-]{subsection.D.1.2}{\376\377\000T\000e\000r\000m\000-\000b\000y\000-\000T\000e\000r\000m\000\040\000m\000e\000t\000h\000o\000d\000s}{section.D.1}% 103
\BOOKMARK [1][-]{section.D.2}{\376\377\000C\000o\000m\000p\000o\000s\000i\000t\000i\000o\000n}{appendix.D}% 104
\BOOKMARK [2][-]{subsection.D.2.1}{\376\377\000P\000a\000u\000l\000i\000C\000o\000m\000p\000o\000s\000e\000r}{section.D.2}% 105
\BOOKMARK [2][-]{subsection.D.2.2}{\376\377\000I\000n\000v\000e\000r\000s\000e\000\040\000o\000f\000\040\000t\000h\000e\000\040\000T\000e\000n\000s\000o\000r\000i\000z\000e\000d\000\040\000m\000e\000t\000h\000o\000d}{section.D.2}% 106
\BOOKMARK [0][-]{appendix.E}{\376\377\000M\000i\000s\000c\000e\000l\000l\000a\000n\000e\000o\000u\000s\000\040\000M\000a\000t\000h\000e\000m\000a\000t\000i\000c\000s}{part.4}% 107
\BOOKMARK [1][-]{section.E.1}{\376\377\000T\000e\000n\000s\000o\000r\000\040\000P\000r\000o\000d\000u\000c\000t}{appendix.E}% 108
\BOOKMARK [1][-]{section.E.2}{\376\377\000T\000e\000n\000s\000o\000r\000\040\000p\000r\000o\000d\000u\000c\000t\000\040\000r\000e\000p\000r\000e\000s\000e\000n\000t\000a\000t\000i\000o\000n\000\040\000o\000f\000\040\000q\000u\000a\000n\000t\000u\000m\000\040\000c\000i\000r\000c\000u\000i\000t}{appendix.E}% 109
\BOOKMARK [1][-]{section.E.3}{\376\377\000L\000i\000e\000-\000a\000l\000g\000e\000b\000r\000a}{appendix.E}% 110
\BOOKMARK [0][-]{appendix.F}{\376\377\000N\000P\000-\000p\000r\000o\000b\000l\000e\000m\000s}{part.4}% 111
\BOOKMARK [1][-]{section.F.1}{\376\377\000T\000r\000a\000v\000e\000l\000i\000n\000g\000\040\000P\000u\000r\000c\000h\000a\000s\000e\000r\000\040\000p\000r\000o\000b\000l\000e\000m}{appendix.F}% 112
\BOOKMARK [2][-]{subsection.F.1.1}{\376\377\000T\000r\000a\000v\000e\000l\000i\000n\000g\000\040\000S\000a\000l\000e\000m\000a\000n\000\040\000p\000r\000o\000b\000l\000e\000m}{section.F.1}% 113
\BOOKMARK [1][-]{section.F.2}{\376\377\000M\000a\000x\000-\000c\000l\000i\000q\000u\000e\000\040\000P\000r\000o\000b\000l\000e\000m}{appendix.F}% 114
